<?xml version="1.0" encoding="UTF-8"?>
<testsuite name="com.ayadav.calculator.CalculatorTest" tests="1" skipped="0" failures="0" errors="0" timestamp="2018-09-01T12:23:13" hostname="build01.centos.com" time="0.001">
  <properties/>
  <testcase name="testSum" classname="com.ayadav.calculator.CalculatorTest" time="0.001"/>
  <system-out><![CDATA[]]></system-out>
  <system-err><![CDATA[]]></system-err>
</testsuite>
